Using pre-set license
Built from '2023.2/release' branch; Version is '2023.2.10f1 (316c1fd686f6) revision 3238943'; Using compiler version '193431935'; Build Type 'Release'
OS: 'Windows 10  (10.0.19045) 64bit Professional' Language: 'es' Physical Memory: 16288 MB
BatchMode: 1, IsHumanControllingUs: 0, StartBugReporterOnCrash: 0, Is64bit: 1, IsPro: 1

COMMAND LINE ARGUMENTS:
C:\Program Files\Unity 2023.2.10f1\Editor\Unity.exe
-adb2
-batchMode
-noUpm
-name
AssetImportWorker2
-projectPath
C:/Users/Daniel/Desktop/My project
-logFile
Logs/AssetImportWorker2.log
-srvPort
46273
-job-worker-count
7
-background-job-worker-count
8
-asset-garbage-collectors
1
Successfully changed project path to: C:/Users/Daniel/Desktop/My project
C:/Users/Daniel/Desktop/My project
[UnityMemory] Configuration Parameters - Can be set up in boot.config
    "memorysetup-bucket-allocator-granularity=16"
    "memorysetup-bucket-allocator-bucket-count=8"
    "memorysetup-bucket-allocator-block-size=33554432"
    "memorysetup-bucket-allocator-block-count=8"
    "memorysetup-main-allocator-block-size=16777216"
    "memorysetup-thread-allocator-block-size=16777216"
    "memorysetup-gfx-main-allocator-block-size=16777216"
    "memorysetup-gfx-thread-allocator-block-size=16777216"
    "memorysetup-cache-allocator-block-size=4194304"
    "memorysetup-typetree-allocator-block-size=2097152"
    "memorysetup-profiler-bucket-allocator-granularity=16"
    "memorysetup-profiler-bucket-allocator-bucket-count=8"
    "memorysetup-profiler-bucket-allocator-block-size=33554432"
    "memorysetup-profiler-bucket-allocator-block-count=8"
    "memorysetup-profiler-allocator-block-size=16777216"
    "memorysetup-profiler-editor-allocator-block-size=1048576"
    "memorysetup-temp-allocator-size-main=16777216"
    "memorysetup-job-temp-allocator-block-size=2097152"
    "memorysetup-job-temp-allocator-block-size-background=1048576"
    "memorysetup-job-temp-allocator-reduction-small-platforms=262144"
    "memorysetup-allocator-temp-initial-block-size-main=262144"
    "memorysetup-allocator-temp-initial-block-size-worker=262144"
    "memorysetup-temp-allocator-size-background-worker=32768"
    "memorysetup-temp-allocator-size-job-worker=262144"
    "memorysetup-temp-allocator-size-preload-manager=33554432"
    "memorysetup-temp-allocator-size-nav-mesh-worker=65536"
    "memorysetup-temp-allocator-size-audio-worker=65536"
    "memorysetup-temp-allocator-size-cloud-worker=32768"
    "memorysetup-temp-allocator-size-gi-baking-worker=262144"
    "memorysetup-temp-allocator-size-gi-baking-worker=262144"
    "memorysetup-temp-allocator-size-gi-baking-worker=262144"
    "memorysetup-temp-allocator-size-gi-baking-worker=262144"
    "memorysetup-temp-allocator-size-gfx=262144"
Unable to join player connection multicast group (err: 10022).
Unable to join player connection alternative multicast group (err: 10022).
JobSystem: Creating JobQueue using job-worker-count value 7
[Physics::Module] Initialized MultithreadedJobDispatcher with 7 workers.
Library Redirect Path: Library/
Refreshing native plugins compatible for Editor in 3.22 ms, found 4 plugins.
Preloading 0 native plugins for Editor in 0.00 ms.
Initialize engine version: 2023.2.10f1 (316c1fd686f6)
[Subsystems] Discovering subsystems at path C:/Program Files/Unity 2023.2.10f1/Editor/Data/Resources/UnitySubsystems
[Subsystems] Discovering subsystems at path C:/Users/Daniel/Desktop/My project/Assets
GfxDevice: creating device client; kGfxThreadingModeNonThreaded
Direct3D:
    Version:  Direct3D 11.0 [level 11.1]
    Renderer: Radeon RX 580 Series (ID=0x67df)
    Vendor:   ATI
    VRAM:     8135 MB
    Driver:   31.0.21905.1001
Initialize mono
Mono path[0] = 'C:/Program Files/Unity 2023.2.10f1/Editor/Data/Managed'
Mono path[1] = 'C:/Program Files/Unity 2023.2.10f1/Editor/Data/MonoBleedingEdge/lib/mono/unityjit-win32'
Mono config path = 'C:/Program Files/Unity 2023.2.10f1/Editor/Data/MonoBleedingEdge/etc'
Using monoOptions --debugger-agent=transport=dt_socket,embedding=1,server=y,suspend=n,address=127.0.0.1:56140
Begin MonoManager ReloadAssembly
C:\build\output\Unity-Technologies\mono\mono\metadata\icall.c:1842:
C:\build\output\Unity-Technologies\mono\mono\metadata\icall.c:1842:
C:\build\output\Unity-Technologies\mono\mono\metadata\icall.c:1842:
C:\build\output\Unity-Technologies\mono\mono\metadata\icall.c:1842:
C:\build\output\Unity-Technologies\mono\mono\metadata\icall.c:1842:
C:\build\output\Unity-Technologies\mono\mono\metadata\icall.c:1842:
C:\build\output\Unity-Technologies\mono\mono\metadata\icall.c:1842:
C:\build\output\Unity-Technologies\mono\mono\metadata\icall.c:1842:
C:\build\output\Unity-Technologies\mono\mono\metadata\icall.c:1842:
C:\build\output\Unity-Technologies\mono\mono\metadata\icall.c:1842:
Registering precompiled unity dll's ...
Register platform support module: C:/Program Files/Unity 2023.2.10f1/Editor/Data/PlaybackEngines/WindowsStandaloneSupport/UnityEditor.WindowsStandalone.Extensions.dll
Registered in 0.003409 seconds.
- Loaded All Assemblies, in  0.329 seconds
Native extension for WindowsStandalone target not found
Mono: successfully reloaded assembly
C:\build\output\Unity-Technologies\mono\mono\metadata\icall.c:1842:
C:\build\output\Unity-Technologies\mono\mono\metadata\icall.c:1842:
- Finished resetting the current domain, in  0.217 seconds
Domain Reload Profiling: 543ms
	BeginReloadAssembly (128ms)
		ExecutionOrderSort (0ms)
		DisableScriptedObjects (0ms)
		BackupInstance (0ms)
		ReleaseScriptingObjects (0ms)
		CreateAndSetChildDomain (1ms)
	RebuildCommonClasses (29ms)
	RebuildNativeTypeToScriptingClass (10ms)
	initialDomainReloadingComplete (43ms)
	LoadAllAssembliesAndSetupDomain (115ms)
		LoadAssemblies (124ms)
		RebuildTransferFunctionScriptingTraits (0ms)
		AnalyzeDomain (114ms)
			TypeCache.Refresh (112ms)
				TypeCache.ScanAssembly (102ms)
			BuildScriptInfoCaches (0ms)
			ResolveRequiredComponents (0ms)
	FinalizeReload (218ms)
		ReleaseScriptCaches (0ms)
		RebuildScriptCaches (0ms)
		SetupLoadedEditorAssemblies (178ms)
			LogAssemblyErrors (0ms)
			InitializePlatformSupportModulesInManaged (7ms)
			SetLoadedEditorAssemblies (3ms)
			BeforeProcessingInitializeOnLoad (6ms)
			ProcessInitializeOnLoadAttributes (128ms)
			ProcessInitializeOnLoadMethodAttributes (34ms)
			AfterProcessingInitializeOnLoad (0ms)
			EditorAssembliesLoaded (0ms)
		ExecutionOrderSort2 (0ms)
		AwakeInstancesAfterBackupRestoration (0ms)
========================================================================
Worker process is ready to serve import requests
Import Worker Mode flag is 0x00
Begin MonoManager ReloadAssembly
C:\build\output\Unity-Technologies\mono\mono\metadata\icall.c:1842:
C:\build\output\Unity-Technologies\mono\mono\metadata\icall.c:1842:
C:\build\output\Unity-Technologies\mono\mono\metadata\icall.c:1842:
C:\build\output\Unity-Technologies\mono\mono\metadata\icall.c:1842:
C:\build\output\Unity-Technologies\mono\mono\metadata\icall.c:1842:
C:\build\output\Unity-Technologies\mono\mono\metadata\icall.c:1842:
C:\build\output\Unity-Technologies\mono\mono\metadata\icall.c:1842:
C:\build\output\Unity-Technologies\mono\mono\metadata\icall.c:1842:
C:\build\output\Unity-Technologies\mono\mono\metadata\icall.c:1842:
C:\build\output\Unity-Technologies\mono\mono\metadata\icall.c:1842:
C:\build\output\Unity-Technologies\mono\mono\metadata\icall.c:1842:
C:\build\output\Unity-Technologies\mono\mono\metadata\icall.c:1842:
Symbol file LoadedFromMemory doesn't match image C:\Users\Daniel\Desktop\My project\Library\PackageCache\com.unity.visualscripting@1.8.0\Editor\VisualScripting.Core\Dependencies\YamlDotNet\Unity.VisualScripting.YamlDotNet.dll
Symbol file LoadedFromMemory doesn't match image C:\Users\Daniel\Desktop\My project\Library\PackageCache\com.unity.visualscripting@1.8.0\Editor\VisualScripting.Core\Dependencies\DotNetZip\Unity.VisualScripting.IonicZip.dll
- Loaded All Assemblies, in  0.665 seconds
Refreshing native plugins compatible for Editor in 1.55 ms, found 4 plugins.
Native extension for WindowsStandalone target not found
Mono: successfully reloaded assembly
- Finished resetting the current domain, in  0.474 seconds
Domain Reload Profiling: 1134ms
	BeginReloadAssembly (267ms)
		ExecutionOrderSort (0ms)
		DisableScriptedObjects (4ms)
		BackupInstance (0ms)
		ReleaseScriptingObjects (0ms)
		CreateAndSetChildDomain (26ms)
	RebuildCommonClasses (28ms)
	RebuildNativeTypeToScriptingClass (10ms)
	initialDomainReloadingComplete (34ms)
	LoadAllAssembliesAndSetupDomain (322ms)
		LoadAssemblies (298ms)
		RebuildTransferFunctionScriptingTraits (0ms)
		AnalyzeDomain (122ms)
			TypeCache.Refresh (98ms)
				TypeCache.ScanAssembly (87ms)
			BuildScriptInfoCaches (19ms)
			ResolveRequiredComponents (3ms)
	FinalizeReload (474ms)
		ReleaseScriptCaches (0ms)
		RebuildScriptCaches (0ms)
		SetupLoadedEditorAssemblies (334ms)
			LogAssemblyErrors (0ms)
			InitializePlatformSupportModulesInManaged (2ms)
			SetLoadedEditorAssemblies (2ms)
			BeforeProcessingInitializeOnLoad (45ms)
			ProcessInitializeOnLoadAttributes (251ms)
			ProcessInitializeOnLoadMethodAttributes (26ms)
			AfterProcessingInitializeOnLoad (8ms)
			EditorAssembliesLoaded (0ms)
		ExecutionOrderSort2 (0ms)
		AwakeInstancesAfterBackupRestoration (6ms)
Launched and connected shader compiler UnityShaderCompiler.exe after 0.01 seconds
Refreshing native plugins compatible for Editor in 1.55 ms, found 4 plugins.
Preloading 0 native plugins for Editor in 0.00 ms.
Unloading 29 Unused Serialized files (Serialized files now loaded: 0)
Unloading 4179 unused Assets / (0.9 MB). Loaded Objects now: 4752.
Memory consumption went from 127.2 MB to 126.3 MB.
Total: 5.370100 ms (FindLiveObjects: 0.419400 ms CreateObjectMapping: 0.385800 ms MarkObjects: 3.760400 ms  DeleteObjects: 0.803800 ms)

========================================================================
Received Import Request.
  Time since last request: 85885.968528 seconds.
  path: Assets/Recurces/IconoEspada.png
  artifactKey: Guid(3ee59d71c0ccfe446a6385f0a227eebf) Importer(815301076,1909f56bfc062723c751e8b465ee728b)
Start importing Assets/Recurces/IconoEspada.png using Guid(3ee59d71c0ccfe446a6385f0a227eebf) Importer(815301076,1909f56bfc062723c751e8b465ee728b) (PreviewImporter) -> (artifact id: '94a009f793f27a60de2ffa8966226f75') in 0.0662117 seconds
Number of updated asset objects reloaded before import = 0Number of asset objects unloaded after import = 3

========================================================================
Received Import Request.
  Time since last request: 124.976469 seconds.
  path: Assets/Recurces/TypeMelee.png
  artifactKey: Guid(3e14270bce884a84c9c94da11b921737) Importer(815301076,1909f56bfc062723c751e8b465ee728b)
Start importing Assets/Recurces/TypeMelee.png using Guid(3e14270bce884a84c9c94da11b921737) Importer(815301076,1909f56bfc062723c751e8b465ee728b) (PreviewImporter) -> (artifact id: '78e97a50c4ecd709e6f1826fc3a5aa8e') in 0.011428 seconds
Number of updated asset objects reloaded before import = 0Number of asset objects unloaded after import = 3

========================================================================
Received Import Request.
  Time since last request: 599.593165 seconds.
  path: Assets/Recurces/field-fotor-202404032251.png
  artifactKey: Guid(83dc7f759595d234b84aa8f69b0350d2) Importer(815301076,1909f56bfc062723c751e8b465ee728b)
Start importing Assets/Recurces/field-fotor-202404032251.png using Guid(83dc7f759595d234b84aa8f69b0350d2) Importer(815301076,1909f56bfc062723c751e8b465ee728b) (PreviewImporter) -> (artifact id: '3b64e2298747d59449c3020d5baea6d9') in 0.0117016 seconds
Number of updated asset objects reloaded before import = 0Number of asset objects unloaded after import = 3

========================================================================
Received Import Request.
  Time since last request: 0.000015 seconds.
  path: Assets/Recurces/field-fotor-2024040322124.png
  artifactKey: Guid(f99414ea9da515542b501356b77f1f06) Importer(815301076,1909f56bfc062723c751e8b465ee728b)
Start importing Assets/Recurces/field-fotor-2024040322124.png using Guid(f99414ea9da515542b501356b77f1f06) Importer(815301076,1909f56bfc062723c751e8b465ee728b) (PreviewImporter) -> (artifact id: 'b815ad6fcdec0568c2811639ce9b9dd6') in 0.0096464 seconds
Number of updated asset objects reloaded before import = 0Number of asset objects unloaded after import = 3

========================================================================
Received Import Request.
  Time since last request: 2362.943765 seconds.
  path: Assets/Prefab
  artifactKey: Guid(5304429374bde564881901f706780326) Importer(815301076,1909f56bfc062723c751e8b465ee728b)
Start importing Assets/Prefab using Guid(5304429374bde564881901f706780326) Importer(815301076,1909f56bfc062723c751e8b465ee728b) (PreviewImporter) -> (artifact id: '888e8d6097af89ac17ec088ff616daf7') in 0.0005365 seconds
Number of updated asset objects reloaded before import = 0Number of asset objects unloaded after import = 0

========================================================================
Received Import Request.
  Time since last request: 18.914487 seconds.
  path: Assets/Prefab/DalsoCard.prefab
  artifactKey: Guid(898c7373cb609c74ca5f13f1e408646f) Importer(815301076,1909f56bfc062723c751e8b465ee728b)
Start importing Assets/Prefab/DalsoCard.prefab using Guid(898c7373cb609c74ca5f13f1e408646f) Importer(815301076,1909f56bfc062723c751e8b465ee728b) (PreviewImporter) -> (artifact id: '29aae05ca56b024a09a1f3f31d148866') in 0.039706 seconds
Number of updated asset objects reloaded before import = 0Number of asset objects unloaded after import = 24

========================================================================
Received Import Request.
  Time since last request: 160.725508 seconds.
  path: Assets/Prefab/KarooshCard Variant.prefab
  artifactKey: Guid(99af3d2c5a9991f46b40d7453fa571f6) Importer(815301076,1909f56bfc062723c751e8b465ee728b)
Start importing Assets/Prefab/KarooshCard Variant.prefab using Guid(99af3d2c5a9991f46b40d7453fa571f6) Importer(815301076,1909f56bfc062723c751e8b465ee728b) (PreviewImporter) -> (artifact id: '4e0f382df09ae66b735d99c7bc18a200') in 0.0155419 seconds
Number of updated asset objects reloaded before import = 0Number of asset objects unloaded after import = 39

========================================================================
Received Import Request.
  Time since last request: 6.332066 seconds.
  path: Assets/Prefab/KarooshCard.prefab
  artifactKey: Guid(24a424e9089ff464ab3a18ffb3c58b7c) Importer(815301076,1909f56bfc062723c751e8b465ee728b)
Start importing Assets/Prefab/KarooshCard.prefab using Guid(24a424e9089ff464ab3a18ffb3c58b7c) Importer(815301076,1909f56bfc062723c751e8b465ee728b) (PreviewImporter) -> (artifact id: 'b11719cf5b3d6abcdd425f58032ca8f5') in 0.013667 seconds
Number of updated asset objects reloaded before import = 0Number of asset objects unloaded after import = 24

========================================================================
Received Import Request.
  Time since last request: 37.526387 seconds.
  path: Assets/Prefab/DalsoCard.prefab
  artifactKey: Guid(898c7373cb609c74ca5f13f1e408646f) Importer(815301076,1909f56bfc062723c751e8b465ee728b)
Start importing Assets/Prefab/DalsoCard.prefab using Guid(898c7373cb609c74ca5f13f1e408646f) Importer(815301076,1909f56bfc062723c751e8b465ee728b) (PreviewImporter) -> (artifact id: '84703962cadfafbbbdd22f5072d02d3f') in 0.0127838 seconds
Number of updated asset objects reloaded before import = 0Number of asset objects unloaded after import = 24

========================================================================
Received Import Request.
  Time since last request: 84.632684 seconds.
  path: Assets/Prefab/SaylaCard.prefab
  artifactKey: Guid(0c31055907d94964fb59695d2fdbbfb3) Importer(815301076,1909f56bfc062723c751e8b465ee728b)
Start importing Assets/Prefab/SaylaCard.prefab using Guid(0c31055907d94964fb59695d2fdbbfb3) Importer(815301076,1909f56bfc062723c751e8b465ee728b) (PreviewImporter) -> (artifact id: 'd0da95ba8118b9e00beeba0d21b216f9') in 0.0137575 seconds
Number of updated asset objects reloaded before import = 0Number of asset objects unloaded after import = 24

========================================================================
Received Import Request.
  Time since last request: 213.710356 seconds.
  path: Assets/Prefab/TensayCard.prefab
  artifactKey: Guid(e9dc6a616640ecc42b4516eab0748abf) Importer(815301076,1909f56bfc062723c751e8b465ee728b)
Start importing Assets/Prefab/TensayCard.prefab using Guid(e9dc6a616640ecc42b4516eab0748abf) Importer(815301076,1909f56bfc062723c751e8b465ee728b) (PreviewImporter) -> (artifact id: 'fcac1c64fd53824157df9e49786ac175') in 0.0134124 seconds
Number of updated asset objects reloaded before import = 0Number of asset objects unloaded after import = 24

========================================================================
Received Import Request.
  Time since last request: 288.524969 seconds.
  path: Assets/Prefab/CardWogah.prefab
  artifactKey: Guid(91e7ca370c777b946bc64edfcbecdf5c) Importer(815301076,1909f56bfc062723c751e8b465ee728b)
Start importing Assets/Prefab/CardWogah.prefab using Guid(91e7ca370c777b946bc64edfcbecdf5c) Importer(815301076,1909f56bfc062723c751e8b465ee728b) (PreviewImporter) -> (artifact id: '54d59f75daf565f72a1aa8a50fa9362e') in 0.0144619 seconds
Number of updated asset objects reloaded before import = 0Number of asset objects unloaded after import = 26

========================================================================
Received Import Request.
  Time since last request: 43.397793 seconds.
  path: Assets/Prefab/CardDalso.prefab
  artifactKey: Guid(84c759a136a087a4891c44f5654b3b33) Importer(815301076,1909f56bfc062723c751e8b465ee728b)
Start importing Assets/Prefab/CardDalso.prefab using Guid(84c759a136a087a4891c44f5654b3b33) Importer(815301076,1909f56bfc062723c751e8b465ee728b) (PreviewImporter) -> (artifact id: '841c69fadece77c4383e84c3f63dd427') in 0.0146684 seconds
Number of updated asset objects reloaded before import = 0Number of asset objects unloaded after import = 26

========================================================================
Received Import Request.
  Time since last request: 41.305768 seconds.
  path: Assets/Prefab/CardKaroosh.prefab
  artifactKey: Guid(367f7c658db7f8c42ada8d805337ad60) Importer(815301076,1909f56bfc062723c751e8b465ee728b)
Start importing Assets/Prefab/CardKaroosh.prefab using Guid(367f7c658db7f8c42ada8d805337ad60) Importer(815301076,1909f56bfc062723c751e8b465ee728b) (PreviewImporter) -> (artifact id: '0ccb2c82aefe0411781386a5cbdf76c7') in 0.0125202 seconds
Number of updated asset objects reloaded before import = 0Number of asset objects unloaded after import = 26

========================================================================
Received Import Request.
  Time since last request: 46.977186 seconds.
  path: Assets/Prefab/CardTensay.prefab
  artifactKey: Guid(c6271320003d5f44c810381bb7f14146) Importer(815301076,1909f56bfc062723c751e8b465ee728b)
Start importing Assets/Prefab/CardTensay.prefab using Guid(c6271320003d5f44c810381bb7f14146) Importer(815301076,1909f56bfc062723c751e8b465ee728b) (PreviewImporter) -> (artifact id: 'f3300bb4eedd403869d2c75e6b13e869') in 0.0144656 seconds
Number of updated asset objects reloaded before import = 0Number of asset objects unloaded after import = 26

========================================================================
Received Import Request.
  Time since last request: 56.190710 seconds.
  path: Assets/Prefab/CardSayla.prefab
  artifactKey: Guid(9ad85aff3c4f5af48bbe66b084d40873) Importer(815301076,1909f56bfc062723c751e8b465ee728b)
Start importing Assets/Prefab/CardSayla.prefab using Guid(9ad85aff3c4f5af48bbe66b084d40873) Importer(815301076,1909f56bfc062723c751e8b465ee728b) (PreviewImporter) -> (artifact id: '750c46ae5f6111f369a4ea162acd7ee4') in 0.014969 seconds
Number of updated asset objects reloaded before import = 0Number of asset objects unloaded after import = 26

========================================================================
Received Import Request.
  Time since last request: 36.109564 seconds.
  path: Assets/Prefab/CardKaroosh.prefab
  artifactKey: Guid(367f7c658db7f8c42ada8d805337ad60) Importer(815301076,1909f56bfc062723c751e8b465ee728b)
Start importing Assets/Prefab/CardKaroosh.prefab using Guid(367f7c658db7f8c42ada8d805337ad60) Importer(815301076,1909f56bfc062723c751e8b465ee728b) (PreviewImporter) -> (artifact id: '6f3bec3bac646ea304f4b41fda943db4') in 0.0142774 seconds
Number of updated asset objects reloaded before import = 0Number of asset objects unloaded after import = 26

========================================================================
Received Import Request.
  Time since last request: 38.068239 seconds.
  path: Assets/Prefab/CardTensay.prefab
  artifactKey: Guid(c6271320003d5f44c810381bb7f14146) Importer(815301076,1909f56bfc062723c751e8b465ee728b)
Start importing Assets/Prefab/CardTensay.prefab using Guid(c6271320003d5f44c810381bb7f14146) Importer(815301076,1909f56bfc062723c751e8b465ee728b) (PreviewImporter) -> (artifact id: '234190e233804d661d8a5ac53e579e6c') in 0.0180283 seconds
Number of updated asset objects reloaded before import = 0Number of asset objects unloaded after import = 26

========================================================================
Received Import Request.
  Time since last request: 89.102834 seconds.
  path: Assets/Scripts/CardDataBase.cs
  artifactKey: Guid(92be94dea8095974f8f79e3f5ab492b7) Importer(815301076,1909f56bfc062723c751e8b465ee728b)
Start importing Assets/Scripts/CardDataBase.cs using Guid(92be94dea8095974f8f79e3f5ab492b7) Importer(815301076,1909f56bfc062723c751e8b465ee728b) (PreviewImporter) -> (artifact id: '176711e9950c00520b008a134156084d') in 0.000516 seconds
Number of updated asset objects reloaded before import = 0Number of asset objects unloaded after import = 0

========================================================================
Received Import Request.
  Time since last request: 122.797048 seconds.
  path: Assets/Prefab/CardKaroosh.prefab
  artifactKey: Guid(367f7c658db7f8c42ada8d805337ad60) Importer(815301076,1909f56bfc062723c751e8b465ee728b)
Start importing Assets/Prefab/CardKaroosh.prefab using Guid(367f7c658db7f8c42ada8d805337ad60) Importer(815301076,1909f56bfc062723c751e8b465ee728b) (PreviewImporter) -> (artifact id: '18c75a7b6402732dfa3d96874923e29f') in 0.0160888 seconds
Number of updated asset objects reloaded before import = 0Number of asset objects unloaded after import = 30

========================================================================
Received Import Request.
  Time since last request: 91.110056 seconds.
  path: Assets/Prefab/CardDalso.prefab
  artifactKey: Guid(84c759a136a087a4891c44f5654b3b33) Importer(815301076,1909f56bfc062723c751e8b465ee728b)
Start importing Assets/Prefab/CardDalso.prefab using Guid(84c759a136a087a4891c44f5654b3b33) Importer(815301076,1909f56bfc062723c751e8b465ee728b) (PreviewImporter) -> (artifact id: '0106cb8e5fedf3ff38bb820446b4e9bb') in 0.0154218 seconds
Number of updated asset objects reloaded before import = 0Number of asset objects unloaded after import = 30

========================================================================
Received Import Request.
  Time since last request: 64.911477 seconds.
  path: Assets/Prefab/CardSayla.prefab
  artifactKey: Guid(9ad85aff3c4f5af48bbe66b084d40873) Importer(815301076,1909f56bfc062723c751e8b465ee728b)
Start importing Assets/Prefab/CardSayla.prefab using Guid(9ad85aff3c4f5af48bbe66b084d40873) Importer(815301076,1909f56bfc062723c751e8b465ee728b) (PreviewImporter) -> (artifact id: '6b606335d6a7de9ec82233e91243c121') in 0.0146215 seconds
Number of updated asset objects reloaded before import = 0Number of asset objects unloaded after import = 30

========================================================================
Received Import Request.
  Time since last request: 80.143817 seconds.
  path: Assets/Prefab/CardTensay.prefab
  artifactKey: Guid(c6271320003d5f44c810381bb7f14146) Importer(815301076,1909f56bfc062723c751e8b465ee728b)
Start importing Assets/Prefab/CardTensay.prefab using Guid(c6271320003d5f44c810381bb7f14146) Importer(815301076,1909f56bfc062723c751e8b465ee728b) (PreviewImporter) -> (artifact id: 'cb643a0162f145f3f2588f77770994cd') in 0.0160334 seconds
Number of updated asset objects reloaded before import = 0Number of asset objects unloaded after import = 30

========================================================================
Received Import Request.
  Time since last request: 226.534463 seconds.
  path: Assets/Prefab/CardWogah.prefab
  artifactKey: Guid(91e7ca370c777b946bc64edfcbecdf5c) Importer(815301076,1909f56bfc062723c751e8b465ee728b)
Start importing Assets/Prefab/CardWogah.prefab using Guid(91e7ca370c777b946bc64edfcbecdf5c) Importer(815301076,1909f56bfc062723c751e8b465ee728b) (PreviewImporter) -> (artifact id: '9ce5afd6595c25c8764bf5fee7a4775c') in 0.0142338 seconds
Number of updated asset objects reloaded before import = 0Number of asset objects unloaded after import = 30

========================================================================
Received Import Request.
  Time since last request: 20.972979 seconds.
  path: Assets/Prefab/CardDalso.prefab
  artifactKey: Guid(84c759a136a087a4891c44f5654b3b33) Importer(815301076,1909f56bfc062723c751e8b465ee728b)
Start importing Assets/Prefab/CardDalso.prefab using Guid(84c759a136a087a4891c44f5654b3b33) Importer(815301076,1909f56bfc062723c751e8b465ee728b) (PreviewImporter) -> (artifact id: 'c19c409f1e53b86cfc4793e1507e0655') in 0.0126976 seconds
Number of updated asset objects reloaded before import = 0Number of asset objects unloaded after import = 30

========================================================================
Received Import Request.
  Time since last request: 14.471562 seconds.
  path: Assets/Prefab/CardSayla.prefab
  artifactKey: Guid(9ad85aff3c4f5af48bbe66b084d40873) Importer(815301076,1909f56bfc062723c751e8b465ee728b)
Start importing Assets/Prefab/CardSayla.prefab using Guid(9ad85aff3c4f5af48bbe66b084d40873) Importer(815301076,1909f56bfc062723c751e8b465ee728b) (PreviewImporter) -> (artifact id: 'aa17569728b1cf041bd4cf55b611d872') in 0.013356 seconds
Number of updated asset objects reloaded before import = 0Number of asset objects unloaded after import = 30

========================================================================
Received Import Request.
  Time since last request: 21.958896 seconds.
  path: Assets/Prefab/CardTensay.prefab
  artifactKey: Guid(c6271320003d5f44c810381bb7f14146) Importer(815301076,1909f56bfc062723c751e8b465ee728b)
Start importing Assets/Prefab/CardTensay.prefab using Guid(c6271320003d5f44c810381bb7f14146) Importer(815301076,1909f56bfc062723c751e8b465ee728b) (PreviewImporter) -> (artifact id: 'c998002b4ccc82bf503c2b485a090393') in 0.0124465 seconds
Number of updated asset objects reloaded before import = 0Number of asset objects unloaded after import = 30

========================================================================
Received Import Request.
  Time since last request: 116.983827 seconds.
  path: Assets/Prefab/CardDalso.prefab
  artifactKey: Guid(84c759a136a087a4891c44f5654b3b33) Importer(815301076,1909f56bfc062723c751e8b465ee728b)
Start importing Assets/Prefab/CardDalso.prefab using Guid(84c759a136a087a4891c44f5654b3b33) Importer(815301076,1909f56bfc062723c751e8b465ee728b) (PreviewImporter) -> (artifact id: '77b6e3b3176ef917973a62226900e417') in 0.0170216 seconds
Number of updated asset objects reloaded before import = 0Number of asset objects unloaded after import = 30

========================================================================
Received Import Request.
  Time since last request: 636.025660 seconds.
  path: Assets/Prefab/CardUrki.prefab
  artifactKey: Guid(7bee2d76ecd4f284c9c5be2fb0db7b29) Importer(815301076,1909f56bfc062723c751e8b465ee728b)
Start importing Assets/Prefab/CardUrki.prefab using Guid(7bee2d76ecd4f284c9c5be2fb0db7b29) Importer(815301076,1909f56bfc062723c751e8b465ee728b) (PreviewImporter) -> (artifact id: '95af3aa9a9dc07a84cc7c605dc6af5b0') in 0.021295 seconds
Number of updated asset objects reloaded before import = 0Number of asset objects unloaded after import = 30

========================================================================
Received Import Request.
  Time since last request: 67.020365 seconds.
  path: Assets/Prefab/CardTakkar.prefab
  artifactKey: Guid(475d95f5ef11b904382853db8bddf11e) Importer(815301076,1909f56bfc062723c751e8b465ee728b)
Start importing Assets/Prefab/CardTakkar.prefab using Guid(475d95f5ef11b904382853db8bddf11e) Importer(815301076,1909f56bfc062723c751e8b465ee728b) (PreviewImporter) -> (artifact id: 'a0aa07194bfda50520428a5bce848999') in 0.0136734 seconds
Number of updated asset objects reloaded before import = 0Number of asset objects unloaded after import = 30

